<?xml version="1.0" encoding="utf-8"?><testsuites name="pytest tests"><testsuite name="pytest" errors="0" failures="0" skipped="2" tests="76" time="32.672" timestamp="2026-09-17T22:40:19.926143+02:00" hostname="localhost"><testcase classname="tests.test_cli" name="test_cli_migrate_bootstrap_api_worker_and_backup" time="2.925" /><testcase classname="tests.test_cli" name="test_manifest_grant_upgrade_is_scoped_and_audited" time="1.792" /><testcase classname="tests.test_core.CoreTests" name="test_approval_blocks_execution_and_repeated_wait_is_quiet" time="0.002" /><testcase classname="tests.test_core.CoreTests" name="test_cancelled_workflow_cannot_execute" time="0.001" /><testcase classname="tests.test_core.CoreTests" name="test_completed_run_is_not_executed_twice" time="0.001" /><testcase classname="tests.test_core.CoreTests" name="test_contract_change_fails_closed" time="0.001" /><testcase classname="tests.test_core.CoreTests" name="test_cross_tenant_run_access_denied" time="0.001" /><testcase classname="tests.test_core.CoreTests" name="test_handler_failure_does_not_retry" time="0.001" /><testcase classname="tests.test_core.CoreTests" name="test_key_conflict" time="0.001" /><testcase classname="tests.test_core.CoreTests" name="test_memory_isolation_and_provenance" time="0.001" /><testcase classname="tests.test_core.CoreTests" name="test_rejection" time="0.001" /><testcase classname="tests.test_core.CoreTests" name="test_restart_resumes_waiting_run" time="0.004" /><testcase classname="tests.test_core.CoreTests" name="test_revoked_tool_permission_checked_again" time="0.001" /><testcase classname="tests.test_core.CoreTests" name="test_self_review_and_cross_tenant_review_denied" time="0.001" /><testcase classname="tests.test_core.CoreTests" name="test_uncertain_running_step_is_not_replayed" time="0.001" /><testcase classname="tests.test_native_integrations" name="test_native_bindings_are_mandatory[raw0]" time="0.021" /><testcase classname="tests.test_native_integrations" name="test_native_bindings_are_mandatory[raw1]" time="0.031" /><testcase classname="tests.test_native_integrations" name="test_native_bindings_are_mandatory[raw2]" time="0.008" /><testcase classname="tests.test_native_integrations" name="test_native_bindings_are_mandatory[raw3]" time="0.008" /><testcase classname="tests.test_native_integrations" name="test_native_bindings_are_mandatory[raw4]" time="0.016" /><testcase classname="tests.test_native_integrations" name="test_redpa_native_authenticated_mapping[redpa.documents]" time="0.009" /><testcase classname="tests.test_native_integrations" name="test_redpa_native_authenticated_mapping[redpa.chat]" time="0.007" /><testcase classname="tests.test_native_integrations" name="test_native_contract_cannot_be_weakened" time="0.011" /><testcase classname="tests.test_native_integrations" name="test_supplied_source_native_endpoint[redpulse-redpulse.analyze]" time="0.500" /><testcase classname="tests.test_native_integrations" name="test_supplied_source_native_endpoint[redguard-redguard.inspect]" time="0.876" /><testcase classname="tests.test_native_integrations" name="test_supplied_source_native_endpoint[redforge-redforge.scan]" time="0.625" /><testcase classname="tests.test_native_integrations" name="test_large_repository_response_is_explicitly_summarized" time="0.009" /><testcase classname="tests.test_operations" name="test_real_http_transport_to_local_contract_fixture" time="0.514" /><testcase classname="tests.test_operations" name="test_absolute_http_timeout" time="0.012" /><testcase classname="tests.test_operations" name="test_outbox_duplicate_after_crash_is_deduplicated" time="0.241" /><testcase classname="tests.test_operations" name="test_sqlite_backup_restore" time="0.017" /><testcase classname="tests.test_operations" name="test_model_request_quota" time="0.024" /><testcase classname="tests.test_platform" name="test_unauthenticated" time="0.706" /><testcase classname="tests.test_platform" name="test_login_wrong_workspace_and_password" time="0.686" /><testcase classname="tests.test_platform" name="test_rate_limit" time="1.012" /><testcase classname="tests.test_platform" name="test_logout_and_expiry" time="0.611" /><testcase classname="tests.test_platform" name="test_passwords_hashed" time="0.626" /><testcase classname="tests.test_platform" name="test_viewer_and_unknown_tool" time="0.649" /><testcase classname="tests.test_platform" name="test_body_limit" time="0.589" /><testcase classname="tests.test_platform" name="test_success_idempotency_journal" time="0.703" /><testcase classname="tests.test_platform" name="test_workspace_and_owner_isolation" time="0.632" /><testcase classname="tests.test_platform" name="test_approval_binding_roles_and_replay" time="0.672" /><testcase classname="tests.test_platform" name="test_rejection" time="0.678" /><testcase classname="tests.test_platform" name="test_approval_expiry" time="0.663" /><testcase classname="tests.test_platform" name="test_revoked_grants_and_disabled_identity" time="0.674" /><testcase classname="tests.test_platform" name="test_review_grant" time="0.659" /><testcase classname="tests.test_platform" name="test_contract_drift" time="0.644" /><testcase classname="tests.test_platform" name="test_budget[changes0]" time="0.717" /><testcase classname="tests.test_platform" name="test_budget[changes1]" time="0.624" /><testcase classname="tests.test_platform" name="test_cancel" time="0.614" /><testcase classname="tests.test_platform" name="test_deadline" time="0.613" /><testcase classname="tests.test_platform" name="test_read_recovery_and_fencing" time="0.629" /><testcase classname="tests.test_platform" name="test_effectful_crash" time="0.635" /><testcase classname="tests.test_platform" name="test_concurrent_claims" time="0.614" /><testcase classname="tests.test_platform" name="test_restart" time="0.656" /><testcase classname="tests.test_platform" name="test_memory_scope_version_delete" time="0.766" /><testcase classname="tests.test_platform" name="test_expired_memory_no_stale_resurfacing" time="0.628" /><testcase classname="tests.test_platform" name="test_event_dedup_producer_binding" time="0.666" /><testcase classname="tests.test_platform" name="test_replay_no_execution" time="0.702" /><testcase classname="tests.test_platform" name="test_agent_plan_no_execution" time="0.621" /><testcase classname="tests.test_platform" name="test_model_plan_scope" time="0.615" /><testcase classname="tests.test_platform" name="test_admin_and_studio" time="0.613" /><testcase classname="tests.test_platform" name="test_manifest_guards" time="0.003" /><testcase classname="tests.test_platform" name="test_http_errors[302-upstream_rejected_request]" time="0.003" /><testcase classname="tests.test_platform" name="test_http_errors[503-upstream_temporarily_unavailable]" time="0.003" /><testcase classname="tests.test_platform" name="test_http_errors[401-upstream_rejected_request]" time="0.003" /><testcase classname="tests.test_platform" name="test_http_contract_context_and_size" time="0.005" /><testcase classname="tests.test_platform" name="test_read_retry_limit" time="0.636" /><testcase classname="tests.test_platform" name="test_cancel_uncertain_effect_still_requires_reconciliation" time="0.717" /><testcase classname="tests.test_platform" name="test_reviewer_revocation_after_approval" time="0.819" /><testcase classname="tests.test_platform" name="test_previous_output_and_exact_approval_payload" time="0.665" /><testcase classname="tests.test_redworld_adapter" name="test_redworld_workspace_and_effect_binding" time="0.010" /><testcase classname="tests.test_redworld_adapter" name="test_redworld_mapping_and_version_validation" time="0.009" /><testcase classname="tests.test_redworld_adapter" name="test_real_redworld_api" time="0.983" /><testcase classname="tests.test_services" name="test_real_postgresql_migration_and_worker" time="0.001"><skipped type="pytest.skip" message="NEXUS_TEST_POSTGRES_URL is not configured">/workspace/scratch/b74e1d133021/rednexus-ai/tests/test_services.py:23: NEXUS_TEST_POSTGRES_URL is not configured</skipped></testcase><testcase classname="tests.test_services" name="test_real_redis_stream_outbox_receipts" time="0.001"><skipped type="pytest.skip" message="NEXUS_TEST_REDIS_URL is not configured">/workspace/scratch/b74e1d133021/rednexus-ai/tests/test_services.py:47: NEXUS_TEST_REDIS_URL is not configured</skipped></testcase></testsuite></testsuites>